Atividade5/app/build/intermediates/manifest_merge_blame_file/debug/manifest-merger-blame-debug-report.txt
1<?xml version="1.0" encoding="utf-8"?>
2<manifest xmlns:android="http://schemas.android.com/apk/res/android"
3    package="com.example.atividade5"
4    android:versionCode="1"
5    android:versionName="1.0" >
6
7    <uses-sdk
8        android:minSdkVersion="24"
8-->src\main\AndroidManifest.xml
9        android:targetSdkVersion="33" />
9-->src\main\AndroidManifest.xml
10
11    <permission
11-->[androidx.core:core:1.9.0] AndroidManifest.xml:22:5-24:47
12        android:name="com.example.atividade5.DYNAMIC_RECEIVER_NOT_EXPORTED_PERMISSION"
12-->[androidx.core:core:1.9.0] AndroidManifest.xml:23:9-81
13        android:protectionLevel="signature" />
13-->[androidx.core:core:1.9.0] AndroidManifest.xml:24:9-44
14
15    <uses-permission android:name="com.example.atividade5.DYNAMIC_RECEIVER_NOT_EXPORTED_PERMISSION" />
15-->[androidx.core:core:1.9.0] AndroidManifest.xml:26:5-97
15-->[androidx.core:core:1.9.0] AndroidManifest.xml:26:22-94
16
17    <application
17-->src\main\AndroidManifest.xml:5:5-44:19
18        android:allowBackup="true"
18-->src\main\AndroidManifest.xml:6:9-35
19        android:appComponentFactory="androidx.core.app.CoreComponentFactory"
19-->[androidx.core:core:1.9.0] AndroidManifest.xml:28:18-86
20        android:dataExtractionRules="@xml/data_extraction_rules"
20-->src\main\AndroidManifest.xml:7:9-65
21        android:debuggable="true"
22        android:extractNativeLibs="false"
23        android:fullBackupContent="@xml/backup_rules"
23-->src\main\AndroidManifest.xml:8:9-54
24        android:icon="@mipmap/ic_launcher"
24-->src\main\AndroidManifest.xml:9:9-43
25        android:label="@string/app_name"
25-->src\main\AndroidManifest.xml:10:9-41
26        android:supportsRtl="true"
26-->src\main\AndroidManifest.xml:11:9-35
27        android:testOnly="true"
28        android:theme="@style/Theme.Atividade5" >
28-->src\main\AndroidManifest.xml:12:9-48
29        <activity
29-->src\main\AndroidManifest.xml:14:9-16:40
30            android:name="com.example.atividade5.TelaE"
30-->src\main\AndroidManifest.xml:15:13-34
31            android:exported="false" />
31-->src\main\AndroidManifest.xml:16:13-37
32        <activity
32-->src\main\AndroidManifest.xml:17:9-19:40
33            android:name="com.example.atividade5.TelaD"
33-->src\main\AndroidManifest.xml:18:13-34
34            android:exported="false" />
34-->src\main\AndroidManifest.xml:19:13-37
35        <activity
35-->src\main\AndroidManifest.xml:20:9-22:40
36            android:name="com.example.atividade5.TelaC"
36-->src\main\AndroidManifest.xml:21:13-34
37            android:exported="false" />
37-->src\main\AndroidManifest.xml:22:13-37
38        <activity
38-->src\main\AndroidManifest.xml:23:9-25:40
39            android:name="com.example.atividade5.TelaB"
39-->src\main\AndroidManifest.xml:24:13-34
40            android:exported="false" />
40-->src\main\AndroidManifest.xml:25:13-37
41        <activity
41-->src\main\AndroidManifest.xml:26:9-29:59
42            android:name="com.example.atividade5.TelaA"
42-->src\main\AndroidManifest.xml:27:13-34
43            android:exported="false"
43-->src\main\AndroidManifest.xml:28:13-37
44            android:label="@string/title_activity_tela" />
44-->src\main\AndroidManifest.xml:29:13-56
45        <activity
45-->src\main\AndroidManifest.xml:30:9-33:58
46            android:name="com.example.atividade5.BemVindoActivity"
46-->src\main\AndroidManifest.xml:31:13-45
47            android:exported="false"
47-->src\main\AndroidManifest.xml:32:13-37
48            android:parentActivityName="com.example.atividade5.MainActivity" />
48-->src\main\AndroidManifest.xml:33:13-55
49        <activity android:name="com.example.atividade5.DebugActivity" />
49-->src\main\AndroidManifest.xml:34:9-51
49-->src\main\AndroidManifest.xml:34:19-48
50        <activity
50-->src\main\AndroidManifest.xml:35:9-43:20
51            android:name="com.example.atividade5.MainActivity"
51-->src\main\AndroidManifest.xml:36:13-41
52            android:exported="true" >
52-->src\main\AndroidManifest.xml:37:13-36
53            <intent-filter>
53-->src\main\AndroidManifest.xml:38:13-42:29
54                <action android:name="android.intent.action.MAIN" />
54-->src\main\AndroidManifest.xml:39:17-69
54-->src\main\AndroidManifest.xml:39:25-66
55
56                <category android:name="android.intent.category.LAUNCHER" />
56-->src\main\AndroidManifest.xml:41:17-77
56-->src\main\AndroidManifest.xml:41:27-74
57            </intent-filter>
58        </activity>
59
60        <uses-library
60-->[androidx.window:window:1.0.0] AndroidManifest.xml:25:9-27:40
61            android:name="androidx.window.extensions"
61-->[androidx.window:window:1.0.0] AndroidManifest.xml:26:13-54
62            android:required="false" />
62-->[androidx.window:window:1.0.0] AndroidManifest.xml:27:13-37
63        <uses-library
63-->[androidx.window:window:1.0.0] AndroidManifest.xml:28:9-30:40
64            android:name="androidx.window.sidecar"
64-->[androidx.window:window:1.0.0] AndroidManifest.xml:29:13-51
65            android:required="false" />
65-->[androidx.window:window:1.0.0] AndroidManifest.xml:30:13-37
66
67        <provider
67-->[androidx.emoji2:emoji2:1.2.0] AndroidManifest.xml:24:9-32:20
68            android:name="androidx.startup.InitializationProvider"
68-->[androidx.emoji2:emoji2:1.2.0] AndroidManifest.xml:25:13-67
69            android:authorities="com.example.atividade5.androidx-startup"
69-->[androidx.emoji2:emoji2:1.2.0] AndroidManifest.xml:26:13-68
70            android:exported="false" >
70-->[androidx.emoji2:emoji2:1.2.0] AndroidManifest.xml:27:13-37
71            <meta-data
71-->[androidx.emoji2:emoji2:1.2.0] AndroidManifest.xml:29:13-31:52
72                android:name="androidx.emoji2.text.EmojiCompatInitializer"
72-->[androidx.emoji2:emoji2:1.2.0] AndroidManifest.xml:30:17-75
73                android:value="androidx.startup" />
73-->[androidx.emoji2:emoji2:1.2.0] AndroidManifest.xml:31:17-49
74            <meta-data
74-->[androidx.lifecycle:lifecycle-process:2.4.1] AndroidManifest.xml:31:13-33:52
75                android:name="androidx.lifecycle.ProcessLifecycleInitializer"
75-->[androidx.lifecycle:lifecycle-process:2.4.1] AndroidManifest.xml:32:17-78
76                android:value="androidx.startup" />
76-->[androidx.lifecycle:lifecycle-process:2.4.1] AndroidManifest.xml:33:17-49
77        </provider>
78    </application>
79
80</manifest>